<?xml version="1.0" encoding="UTF-8"?>
<!-- Generated by org.testng.reporters.JUnitReportReporter -->
<testsuite skipped="0" hostname="DESKTOP-80I389G" name="SeleniumAutomation.Git.AppTest" tests="1" failures="0" timestamp="09 Sep 2017 16:40:33 GMT" time="0.162" errors="0">
  <testcase name="verifyLogin" time="0.162" classname="SeleniumAutomation.Git.AppTest"/>
</testsuite> <!-- SeleniumAutomation.Git.AppTest -->
